<?xml version="1.0" encoding="UTF-8"?>
<!-- Generated by org.testng.reporters.JUnitXMLReporter -->
<testsuite hostname="DESKTOP-77SCKED" ignored="0" name="Test" tests="22" failures="0" timestamp="2020-04-02T20:56:34 PDT" time="0.079" errors="0">
  <testcase name="anduAlemTest" time="0.01" classname="calculator.CalculatorTest"/>
  <testcase name="azebTest" time="0.002" classname="calculator.CalculatorTest"/>
  <testcase name="eyerusalemTest" time="0.0" classname="calculator.CalculatorTest"/>
  <testcase name="keyaTest" time="0.001" classname="calculator.CalculatorTest"/>
  <testcase name="mack2Test" time="0.001" classname="calculator.CalculatorTest"/>
  <testcase name="mack3Test" time="0.001" classname="calculator.CalculatorTest"/>
  <testcase name="mackTest" time="0.001" classname="calculator.CalculatorTest"/>
  <testcase name="mahaletTest" time="0.0" classname="calculator.CalculatorTest"/>
  <testcase name="meronTest" time="0.001" classname="calculator.CalculatorTest"/>
  <testcase name="sumTest" time="0.001" classname="calculator.CalculatorTest"/>
  <testcase name="teddyTest" time="0.0" classname="calculator.CalculatorTest"/>
  <testcase name="anduAlemTest" time="0.001" classname="calculator.CalculatormackTest"/>
  <testcase name="azebTest" time="0.001" classname="calculator.CalculatormackTest"/>
  <testcase name="eyerusalemTest" time="0.001" classname="calculator.CalculatormackTest"/>
  <testcase name="keyaTest" time="0.0" classname="calculator.CalculatormackTest"/>
  <testcase name="mack2Test" time="0.001" classname="calculator.CalculatormackTest"/>
  <testcase name="mack3Test" time="0.001" classname="calculator.CalculatormackTest"/>
  <testcase name="mackTest" time="0.001" classname="calculator.CalculatormackTest"/>
  <testcase name="mahaletTest" time="0.001" classname="calculator.CalculatormackTest"/>
  <testcase name="meronTest" time="0.0" classname="calculator.CalculatormackTest"/>
  <testcase name="sumTest" time="0.001" classname="calculator.CalculatormackTest"/>
  <testcase name="teddyTest" time="0.0" classname="calculator.CalculatormackTest"/>
</testsuite> <!-- Test -->
